0 info it worked if it ends with ok
1 verbose cli [ 'node', '/usr/local/bin/npm', 'install' ]
2 info using npm@1.4.28
3 info using node@v0.10.35
4 warn package.json TwitterJS@1.0.0 No description
5 warn package.json TwitterJS@1.0.0 No repository field.
6 warn package.json TwitterJS@1.0.0 No README data
7 verbose readDependencies using package.json deps
8 verbose install where, deps [ '/Users/zazou/Code/TwitterJS',
8 verbose install   [ 'body-parser',
8 verbose install     'express',
8 verbose install     'morgan',
8 verbose install     'mysql',
8 verbose install     'sequelize',
8 verbose install     'socket.io',
8 verbose install     'swig',
8 verbose install     'underscore' ] ]
9 info preinstall TwitterJS@1.0.0
10 verbose readDependencies using package.json deps
11 verbose cache add [ 'morgan@^1.5.1', null ]
12 verbose cache add name=undefined spec="morgan@^1.5.1" args=["morgan@^1.5.1",null]
13 verbose parsed url { protocol: null,
13 verbose parsed url   slashes: null,
13 verbose parsed url   auth: null,
13 verbose parsed url   host: null,
13 verbose parsed url   port: null,
13 verbose parsed url   hostname: null,
13 verbose parsed url   hash: null,
13 verbose parsed url   search: null,
13 verbose parsed url   query: null,
13 verbose parsed url   pathname: 'morgan@^1.5.1',
13 verbose parsed url   path: 'morgan@^1.5.1',
13 verbose parsed url   href: 'morgan@^1.5.1' }
14 verbose cache add name="morgan" spec="^1.5.1" args=["morgan","^1.5.1"]
15 verbose parsed url { protocol: null,
15 verbose parsed url   slashes: null,
15 verbose parsed url   auth: null,
15 verbose parsed url   host: null,
15 verbose parsed url   port: null,
15 verbose parsed url   hostname: null,
15 verbose parsed url   hash: null,
15 verbose parsed url   search: null,
15 verbose parsed url   query: null,
15 verbose parsed url   pathname: '^1.5.1',
15 verbose parsed url   path: '^1.5.1',
15 verbose parsed url   href: '^1.5.1' }
16 verbose addNamed [ 'morgan', '^1.5.1' ]
17 verbose addNamed [ null, '>=1.5.1-0 <2.0.0-0' ]
18 verbose already installed skipping mysql@^2.5.5 /Users/zazou/Code/TwitterJS
19 silly lockFile f8166d26-morgan-1-5-1 morgan@^1.5.1
20 verbose lock morgan@^1.5.1 /Users/zazou/.npm/f8166d26-morgan-1-5-1.lock
21 verbose already installed skipping sequelize@^2.0.4 /Users/zazou/Code/TwitterJS
22 silly addNameRange { name: 'morgan', range: '>=1.5.1-0 <2.0.0-0', hasData: false }
23 verbose cache add [ 'socket.io@^1.3.5', null ]
24 verbose cache add name=undefined spec="socket.io@^1.3.5" args=["socket.io@^1.3.5",null]
25 verbose parsed url { protocol: null,
25 verbose parsed url   slashes: null,
25 verbose parsed url   auth: null,
25 verbose parsed url   host: null,
25 verbose parsed url   port: null,
25 verbose parsed url   hostname: null,
25 verbose parsed url   hash: null,
25 verbose parsed url   search: null,
25 verbose parsed url   query: null,
25 verbose parsed url   pathname: 'socket.io@^1.3.5',
25 verbose parsed url   path: 'socket.io@^1.3.5',
25 verbose parsed url   href: 'socket.io@^1.3.5' }
26 verbose cache add name="socket.io" spec="^1.3.5" args=["socket.io","^1.3.5"]
27 verbose parsed url { protocol: null,
27 verbose parsed url   slashes: null,
27 verbose parsed url   auth: null,
27 verbose parsed url   host: null,
27 verbose parsed url   port: null,
27 verbose parsed url   hostname: null,
27 verbose parsed url   hash: null,
27 verbose parsed url   search: null,
27 verbose parsed url   query: null,
27 verbose parsed url   pathname: '^1.3.5',
27 verbose parsed url   path: '^1.3.5',
27 verbose parsed url   href: '^1.3.5' }
28 verbose addNamed [ 'socket.io', '^1.3.5' ]
29 verbose addNamed [ null, '>=1.3.5-0 <2.0.0-0' ]
30 silly lockFile a0d41e47-socket-io-1-3-5 socket.io@^1.3.5
31 verbose lock socket.io@^1.3.5 /Users/zazou/.npm/a0d41e47-socket-io-1-3-5.lock
32 verbose cache add [ 'swig@^1.4.2', null ]
33 verbose cache add name=undefined spec="swig@^1.4.2" args=["swig@^1.4.2",null]
34 verbose parsed url { protocol: null,
34 verbose parsed url   slashes: null,
34 verbose parsed url   auth: null,
34 verbose parsed url   host: null,
34 verbose parsed url   port: null,
34 verbose parsed url   hostname: null,
34 verbose parsed url   hash: null,
34 verbose parsed url   search: null,
34 verbose parsed url   query: null,
34 verbose parsed url   pathname: 'swig@^1.4.2',
34 verbose parsed url   path: 'swig@^1.4.2',
34 verbose parsed url   href: 'swig@^1.4.2' }
35 verbose cache add name="swig" spec="^1.4.2" args=["swig","^1.4.2"]
36 verbose parsed url { protocol: null,
36 verbose parsed url   slashes: null,
36 verbose parsed url   auth: null,
36 verbose parsed url   host: null,
36 verbose parsed url   port: null,
36 verbose parsed url   hostname: null,
36 verbose parsed url   hash: null,
36 verbose parsed url   search: null,
36 verbose parsed url   query: null,
36 verbose parsed url   pathname: '^1.4.2',
36 verbose parsed url   path: '^1.4.2',
36 verbose parsed url   href: '^1.4.2' }
37 verbose addNamed [ 'swig', '^1.4.2' ]
38 verbose addNamed [ null, '>=1.4.2-0 <2.0.0-0' ]
39 silly lockFile e3bb3c1a-swig-1-4-2 swig@^1.4.2
40 verbose lock swig@^1.4.2 /Users/zazou/.npm/e3bb3c1a-swig-1-4-2.lock
41 silly addNameRange { name: 'socket.io',
41 silly addNameRange   range: '>=1.3.5-0 <2.0.0-0',
41 silly addNameRange   hasData: false }
42 verbose cache add [ 'underscore@^1.8.2', null ]
43 verbose cache add name=undefined spec="underscore@^1.8.2" args=["underscore@^1.8.2",null]
44 verbose parsed url { protocol: null,
44 verbose parsed url   slashes: null,
44 verbose parsed url   auth: null,
44 verbose parsed url   host: null,
44 verbose parsed url   port: null,
44 verbose parsed url   hostname: null,
44 verbose parsed url   hash: null,
44 verbose parsed url   search: null,
44 verbose parsed url   query: null,
44 verbose parsed url   pathname: 'underscore@^1.8.2',
44 verbose parsed url   path: 'underscore@^1.8.2',
44 verbose parsed url   href: 'underscore@^1.8.2' }
45 verbose cache add name="underscore" spec="^1.8.2" args=["underscore","^1.8.2"]
46 verbose parsed url { protocol: null,
46 verbose parsed url   slashes: null,
46 verbose parsed url   auth: null,
46 verbose parsed url   host: null,
46 verbose parsed url   port: null,
46 verbose parsed url   hostname: null,
46 verbose parsed url   hash: null,
46 verbose parsed url   search: null,
46 verbose parsed url   query: null,
46 verbose parsed url   pathname: '^1.8.2',
46 verbose parsed url   path: '^1.8.2',
46 verbose parsed url   href: '^1.8.2' }
47 verbose addNamed [ 'underscore', '^1.8.2' ]
48 verbose addNamed [ null, '>=1.8.2-0 <2.0.0-0' ]
49 silly lockFile b9ae4ec4-underscore-1-8-2 underscore@^1.8.2
50 verbose lock underscore@^1.8.2 /Users/zazou/.npm/b9ae4ec4-underscore-1-8-2.lock
51 verbose request where is /morgan
52 verbose request registry https://registry.npmjs.org/
53 verbose request id 64a8d97b40c4643d
54 verbose url raw /morgan
55 verbose url resolving [ 'https://registry.npmjs.org/', './morgan' ]
56 verbose url resolved https://registry.npmjs.org/morgan
57 verbose request where is https://registry.npmjs.org/morgan
58 info trying registry request attempt 1 at 11:26:07
59 verbose etag "8TLIM5X07YFRWQIZLRB5J1UOT"
60 http GET https://registry.npmjs.org/morgan
61 silly addNameRange { name: 'swig', range: '>=1.4.2-0 <2.0.0-0', hasData: false }
62 verbose cache add [ 'body-parser@^1.12.0', null ]
63 verbose cache add name=undefined spec="body-parser@^1.12.0" args=["body-parser@^1.12.0",null]
64 verbose parsed url { protocol: null,
64 verbose parsed url   slashes: null,
64 verbose parsed url   auth: null,
64 verbose parsed url   host: null,
64 verbose parsed url   port: null,
64 verbose parsed url   hostname: null,
64 verbose parsed url   hash: null,
64 verbose parsed url   search: null,
64 verbose parsed url   query: null,
64 verbose parsed url   pathname: 'body-parser@^1.12.0',
64 verbose parsed url   path: 'body-parser@^1.12.0',
64 verbose parsed url   href: 'body-parser@^1.12.0' }
65 verbose already installed skipping express@^4.12.2 /Users/zazou/Code/TwitterJS
66 verbose cache add name="body-parser" spec="^1.12.0" args=["body-parser","^1.12.0"]
67 verbose parsed url { protocol: null,
67 verbose parsed url   slashes: null,
67 verbose parsed url   auth: null,
67 verbose parsed url   host: null,
67 verbose parsed url   port: null,
67 verbose parsed url   hostname: null,
67 verbose parsed url   hash: null,
67 verbose parsed url   search: null,
67 verbose parsed url   query: null,
67 verbose parsed url   pathname: '^1.12.0',
67 verbose parsed url   path: '^1.12.0',
67 verbose parsed url   href: '^1.12.0' }
68 verbose addNamed [ 'body-parser', '^1.12.0' ]
69 verbose addNamed [ null, '>=1.12.0-0 <2.0.0-0' ]
70 silly lockFile 56e67e75-body-parser-1-12-0 body-parser@^1.12.0
71 verbose lock body-parser@^1.12.0 /Users/zazou/.npm/56e67e75-body-parser-1-12-0.lock
72 silly addNameRange { name: 'underscore',
72 silly addNameRange   range: '>=1.8.2-0 <2.0.0-0',
72 silly addNameRange   hasData: false }
73 silly addNameRange { name: 'body-parser',
73 silly addNameRange   range: '>=1.12.0-0 <2.0.0-0',
73 silly addNameRange   hasData: false }
74 verbose request where is /socket.io
75 verbose request registry https://registry.npmjs.org/
76 verbose url raw /socket.io
77 verbose url resolving [ 'https://registry.npmjs.org/', './socket.io' ]
78 verbose url resolved https://registry.npmjs.org/socket.io
79 verbose request where is https://registry.npmjs.org/socket.io
80 info trying registry request attempt 1 at 11:26:07
81 verbose etag "8RC902SSEZM9VCXFNOYOLTKF1"
82 http GET https://registry.npmjs.org/socket.io
83 verbose request where is /swig
84 verbose request registry https://registry.npmjs.org/
85 verbose url raw /swig
86 verbose url resolving [ 'https://registry.npmjs.org/', './swig' ]
87 verbose url resolved https://registry.npmjs.org/swig
88 verbose request where is https://registry.npmjs.org/swig
89 info trying registry request attempt 1 at 11:26:07
90 verbose etag "8YMXNYXUJWFOM1A9QEPB8TQX9"
91 http GET https://registry.npmjs.org/swig
92 verbose request where is /underscore
93 verbose request registry https://registry.npmjs.org/
94 verbose url raw /underscore
95 verbose url resolving [ 'https://registry.npmjs.org/', './underscore' ]
96 verbose url resolved https://registry.npmjs.org/underscore
97 verbose request where is https://registry.npmjs.org/underscore
98 info trying registry request attempt 1 at 11:26:07
99 verbose etag "24HESUX8U7MPV3GWK51QOBTG2"
100 http GET https://registry.npmjs.org/underscore
101 verbose request where is /body-parser
102 verbose request registry https://registry.npmjs.org/
103 verbose url raw /body-parser
104 verbose url resolving [ 'https://registry.npmjs.org/', './body-parser' ]
105 verbose url resolved https://registry.npmjs.org/body-parser
106 verbose request where is https://registry.npmjs.org/body-parser
107 info trying registry request attempt 1 at 11:26:07
108 verbose etag "F1XJQAAGBFIH6FZQ7GIF6IZ57"
109 http GET https://registry.npmjs.org/body-parser
110 http 200 https://registry.npmjs.org/underscore
111 silly registry.get cb [ 200,
111 silly registry.get   { date: 'Tue, 17 Mar 2015 15:26:07 GMT',
111 silly registry.get     server: 'CouchDB/1.5.0 (Erlang OTP/R16B03)',
111 silly registry.get     etag: '"12LGC4XK27S3YXARMROGKB47H"',
111 silly registry.get     'content-type': 'application/json',
111 silly registry.get     'cache-control': 'max-age=60',
111 silly registry.get     'content-length': '38750',
111 silly registry.get     'accept-ranges': 'bytes',
111 silly registry.get     via: '1.1 varnish',
111 silly registry.get     age: '12',
111 silly registry.get     'x-served-by': 'cache-jfk1029-JFK',
111 silly registry.get     'x-cache': 'HIT',
111 silly registry.get     'x-cache-hits': '1',
111 silly registry.get     'x-timer': 'S1426605967.332761,VS0,VE0',
111 silly registry.get     vary: 'Accept',
111 silly registry.get     'keep-alive': 'timeout=10, max=50',
111 silly registry.get     connection: 'Keep-Alive' } ]
112 http 200 https://registry.npmjs.org/socket.io
113 silly registry.get cb [ 200,
113 silly registry.get   { date: 'Tue, 17 Mar 2015 15:26:07 GMT',
113 silly registry.get     server: 'CouchDB/1.6.1 (Erlang OTP/R14B04)',
113 silly registry.get     etag: '"B99XZPS4XOTTPLW9WBAUK8ESB"',
113 silly registry.get     'content-type': 'application/json',
113 silly registry.get     'cache-control': 'max-age=60',
113 silly registry.get     'content-length': '110808',
113 silly registry.get     'accept-ranges': 'bytes',
113 silly registry.get     via: '1.1 varnish',
113 silly registry.get     age: '16',
113 silly registry.get     'x-served-by': 'cache-jfk1031-JFK',
113 silly registry.get     'x-cache': 'HIT',
113 silly registry.get     'x-cache-hits': '1',
113 silly registry.get     'x-timer': 'S1426605967.332360,VS0,VE0',
113 silly registry.get     vary: 'Accept',
113 silly registry.get     'keep-alive': 'timeout=10, max=50',
113 silly registry.get     connection: 'Keep-Alive' } ]
114 http 200 https://registry.npmjs.org/morgan
115 silly registry.get cb [ 200,
115 silly registry.get   { date: 'Tue, 17 Mar 2015 15:26:07 GMT',
115 silly registry.get     server: 'CouchDB/1.5.0 (Erlang OTP/R16B03)',
115 silly registry.get     etag: '"2T97VKIQ0CQHS3WA3PH0BX0Z9"',
115 silly registry.get     'content-type': 'application/json',
115 silly registry.get     'cache-control': 'max-age=60',
115 silly registry.get     'content-length': '34457',
115 silly registry.get     'accept-ranges': 'bytes',
115 silly registry.get     via: '1.1 varnish',
115 silly registry.get     age: '14',
115 silly registry.get     'x-served-by': 'cache-jfk1021-JFK',
115 silly registry.get     'x-cache': 'HIT',
115 silly registry.get     'x-cache-hits': '1',
115 silly registry.get     'x-timer': 'S1426605967.333853,VS0,VE0',
115 silly registry.get     vary: 'Accept',
115 silly registry.get     'keep-alive': 'timeout=10, max=50',
115 silly registry.get     connection: 'Keep-Alive' } ]
116 http 200 https://registry.npmjs.org/body-parser
117 silly registry.get cb [ 200,
117 silly registry.get   { date: 'Tue, 17 Mar 2015 15:26:07 GMT',
117 silly registry.get     server: 'CouchDB/1.5.0 (Erlang OTP/R16B03)',
117 silly registry.get     etag: '"OMMULL9DNHDIWYRJDLFPA4JR"',
117 silly registry.get     'content-type': 'application/json',
117 silly registry.get     'cache-control': 'max-age=60',
117 silly registry.get     'content-length': '90582',
117 silly registry.get     'accept-ranges': 'bytes',
117 silly registry.get     via: '1.1 varnish',
117 silly registry.get     age: '31',
117 silly registry.get     'x-served-by': 'cache-jfk1027-JFK',
117 silly registry.get     'x-cache': 'HIT',
117 silly registry.get     'x-cache-hits': '2',
117 silly registry.get     'x-timer': 'S1426605967.332301,VS0,VE0',
117 silly registry.get     vary: 'Accept',
117 silly registry.get     'keep-alive': 'timeout=10, max=50',
117 silly registry.get     connection: 'Keep-Alive' } ]
118 http 200 https://registry.npmjs.org/swig
119 silly registry.get cb [ 200,
119 silly registry.get   { date: 'Tue, 17 Mar 2015 15:26:07 GMT',
119 silly registry.get     server: 'CouchDB/1.5.0 (Erlang OTP/R16B03)',
119 silly registry.get     etag: '"H195B2SZLY9SQKC2TF57UTDR"',
119 silly registry.get     'content-type': 'application/json',
119 silly registry.get     'cache-control': 'max-age=60',
119 silly registry.get     'content-length': '75541',
119 silly registry.get     'accept-ranges': 'bytes',
119 silly registry.get     via: '1.1 varnish',
119 silly registry.get     age: '58',
119 silly registry.get     'x-served-by': 'cache-jfk1023-JFK',
119 silly registry.get     'x-cache': 'HIT',
119 silly registry.get     'x-cache-hits': '1',
119 silly registry.get     'x-timer': 'S1426605967.335800,VS0,VE0',
119 silly registry.get     vary: 'Accept',
119 silly registry.get     'keep-alive': 'timeout=10, max=50',
119 silly registry.get     connection: 'Keep-Alive' } ]
120 silly addNameRange number 2 { name: 'underscore',
120 silly addNameRange   range: '>=1.8.2-0 <2.0.0-0',
120 silly addNameRange   hasData: true }
121 silly addNameRange versions [ 'underscore',
121 silly addNameRange   [ '1.0.3',
121 silly addNameRange     '1.0.4',
121 silly addNameRange     '1.1.0',
121 silly addNameRange     '1.1.1',
121 silly addNameRange     '1.1.2',
121 silly addNameRange     '1.1.3',
121 silly addNameRange     '1.1.4',
121 silly addNameRange     '1.1.5',
121 silly addNameRange     '1.1.6',
121 silly addNameRange     '1.1.7',
121 silly addNameRange     '1.2.0',
121 silly addNameRange     '1.2.1',
121 silly addNameRange     '1.2.2',
121 silly addNameRange     '1.2.3',
121 silly addNameRange     '1.2.4',
121 silly addNameRange     '1.3.0',
121 silly addNameRange     '1.3.1',
121 silly addNameRange     '1.3.2',
121 silly addNameRange     '1.3.3',
121 silly addNameRange     '1.4.0',
121 silly addNameRange     '1.4.1',
121 silly addNameRange     '1.4.2',
121 silly addNameRange     '1.4.3',
121 silly addNameRange     '1.4.4',
121 silly addNameRange     '1.5.0',
121 silly addNameRange     '1.5.1',
121 silly addNameRange     '1.5.2',
121 silly addNameRange     '1.6.0',
121 silly addNameRange     '1.7.0',
121 silly addNameRange     '1.8.0',
121 silly addNameRange     '1.8.1',
121 silly addNameRange     '1.8.2' ] ]
122 verbose addNamed [ 'underscore', '1.8.2' ]
123 verbose addNamed [ '1.8.2', '1.8.2' ]
124 silly lockFile 004e52f6-underscore-1-8-2 underscore@1.8.2
125 verbose lock underscore@1.8.2 /Users/zazou/.npm/004e52f6-underscore-1-8-2.lock
126 silly addNameRange number 2 { name: 'socket.io', range: '>=1.3.5-0 <2.0.0-0', hasData: true }
127 silly addNameRange versions [ 'socket.io',
127 silly addNameRange   [ '0.3.8',
127 silly addNameRange     '0.4.0',
127 silly addNameRange     '0.4.1',
127 silly addNameRange     '0.5.1',
127 silly addNameRange     '0.5.3',
127 silly addNameRange     '0.6.0',
127 silly addNameRange     '0.6.1',
127 silly addNameRange     '0.6.3',
127 silly addNameRange     '0.6.4',
127 silly addNameRange     '0.6.5',
127 silly addNameRange     '0.6.6',
127 silly addNameRange     '0.6.7',
127 silly addNameRange     '0.6.8',
127 silly addNameRange     '0.6.9',
127 silly addNameRange     '0.6.10',
127 silly addNameRange     '0.6.11',
127 silly addNameRange     '0.6.12',
127 silly addNameRange     '0.6.14',
127 silly addNameRange     '0.6.15',
127 silly addNameRange     '0.6.16',
127 silly addNameRange     '0.6.17',
127 silly addNameRange     '0.6.18',
127 silly addNameRange     '0.7.0',
127 silly addNameRange     '0.7.1',
127 silly addNameRange     '0.7.2',
127 silly addNameRange     '0.7.3',
127 silly addNameRange     '0.7.4',
127 silly addNameRange     '0.7.5',
127 silly addNameRange     '0.7.6',
127 silly addNameRange     '0.7.7',
127 silly addNameRange     '0.7.8',
127 silly addNameRange     '0.7.9',
127 silly addNameRange     '0.7.10',
127 silly addNameRange     '0.7.11',
127 silly addNameRange     '0.8.0',
127 silly addNameRange     '0.8.1',
127 silly addNameRange     '0.8.2',
127 silly addNameRange     '0.8.3',
127 silly addNameRange     '0.8.4',
127 silly addNameRange     '0.8.5',
127 silly addNameRange     '0.8.6',
127 silly addNameRange     '0.8.7',
127 silly addNameRange     '0.9.0',
127 silly addNameRange     '0.9.1',
127 silly addNameRange     '0.9.1-1',
127 silly addNameRange     '0.9.2',
127 silly addNameRange     '0.9.3',
127 silly addNameRange     '0.9.4',
127 silly addNameRange     '0.9.5',
127 silly addNameRange     '0.9.6',
127 silly addNameRange     '0.9.7',
127 silly addNameRange     '0.9.8',
127 silly addNameRange     '0.9.9',
127 silly addNameRange     '0.9.10',
127 silly addNameRange     '0.9.11',
127 silly addNameRange     '0.9.12',
127 silly addNameRange     '0.9.13',
127 silly addNameRange     '0.9.14',
127 silly addNameRange     '0.9.15',
127 silly addNameRange     '0.9.16',
127 silly addNameRange     '1.0.0-pre',
127 silly addNameRange     '1.0.0-pre2',
127 silly addNameRange     '1.0.0-pre3',
127 silly addNameRange     '1.0.0-pre4',
127 silly addNameRange     '1.0.0-pre5',
127 silly addNameRange     '0.9.17',
127 silly addNameRange     '1.0.0',
127 silly addNameRange     '1.0.1',
127 silly addNameRange     '1.0.2',
127 silly addNameRange     '1.0.3',
127 silly addNameRange     '1.0.4',
127 silly addNameRange     '1.0.5',
127 silly addNameRange     '1.0.6',
127 silly addNameRange     '1.1.0',
127 silly addNameRange     '1.2.0',
127 silly addNameRange     '1.2.1',
127 silly addNameRange     '1.3.0',
127 silly addNameRange     '1.3.1',
127 silly addNameRange     '1.3.2',
127 silly addNameRange     '1.3.3',
127 silly addNameRange     '1.3.4',
127 silly addNameRange     '1.3.5' ] ]
128 verbose addNamed [ 'socket.io', '1.3.5' ]
129 verbose addNamed [ '1.3.5', '1.3.5' ]
130 silly lockFile e27f34ff-socket-io-1-3-5 socket.io@1.3.5
131 verbose lock socket.io@1.3.5 /Users/zazou/.npm/e27f34ff-socket-io-1-3-5.lock
132 silly addNameRange number 2 { name: 'morgan', range: '>=1.5.1-0 <2.0.0-0', hasData: true }
133 silly addNameRange versions [ 'morgan',
133 silly addNameRange   [ '1.0.0',
133 silly addNameRange     '1.0.1',
133 silly addNameRange     '1.1.0',
133 silly addNameRange     '1.1.1',
133 silly addNameRange     '1.2.0',
133 silly addNameRange     '1.2.1',
133 silly addNameRange     '1.2.2',
133 silly addNameRange     '1.2.3',
133 silly addNameRange     '1.3.0',
133 silly addNameRange     '1.3.1',
133 silly addNameRange     '1.3.2',
133 silly addNameRange     '1.4.0',
133 silly addNameRange     '1.4.1',
133 silly addNameRange     '1.5.0',
133 silly addNameRange     '1.5.1',
133 silly addNameRange     '1.5.2' ] ]
134 verbose addNamed [ 'morgan', '1.5.2' ]
135 verbose addNamed [ '1.5.2', '1.5.2' ]
136 silly lockFile 04d2cfbf-morgan-1-5-2 morgan@1.5.2
137 verbose lock morgan@1.5.2 /Users/zazou/.npm/04d2cfbf-morgan-1-5-2.lock
138 silly addNameRange number 2 { name: 'body-parser',
138 silly addNameRange   range: '>=1.12.0-0 <2.0.0-0',
138 silly addNameRange   hasData: true }
139 silly addNameRange versions [ 'body-parser',
139 silly addNameRange   [ '1.0.0',
139 silly addNameRange     '1.0.1',
139 silly addNameRange     '1.0.2',
139 silly addNameRange     '1.1.0',
139 silly addNameRange     '1.1.1',
139 silly addNameRange     '1.1.2',
139 silly addNameRange     '1.2.0',
139 silly addNameRange     '1.2.1',
139 silly addNameRange     '1.2.2',
139 silly addNameRange     '1.3.0',
139 silly addNameRange     '1.3.1',
139 silly addNameRange     '1.4.0',
139 silly addNameRange     '1.4.1',
139 silly addNameRange     '1.4.2',
139 silly addNameRange     '1.4.3',
139 silly addNameRange     '1.5.0',
139 silly addNameRange     '1.5.1',
139 silly addNameRange     '1.5.2',
139 silly addNameRange     '1.6.0',
139 silly addNameRange     '1.6.1',
139 silly addNameRange     '1.6.2',
139 silly addNameRange     '1.6.3',
139 silly addNameRange     '1.6.4',
139 silly addNameRange     '1.6.5',
139 silly addNameRange     '1.6.6',
139 silly addNameRange     '1.6.7',
139 silly addNameRange     '1.7.0',
139 silly addNameRange     '1.8.0',
139 silly addNameRange     '1.8.1',
139 silly addNameRange     '1.8.2',
139 silly addNameRange     '1.8.3',
139 silly addNameRange     '1.8.4',
139 silly addNameRange     '1.9.0',
139 silly addNameRange     '1.9.1',
139 silly addNameRange     '1.9.2',
139 silly addNameRange     '1.9.3',
139 silly addNameRange     '1.10.0',
139 silly addNameRange     '1.10.1',
139 silly addNameRange     '1.10.2',
139 silly addNameRange     '1.11.0',
139 silly addNameRange     '1.12.0',
139 silly addNameRange     '1.12.1',
139 silly addNameRange     '1.12.2' ] ]
140 verbose addNamed [ 'body-parser', '1.12.2' ]
141 verbose addNamed [ '1.12.2', '1.12.2' ]
142 silly lockFile 76f09536-body-parser-1-12-2 body-parser@1.12.2
143 verbose lock body-parser@1.12.2 /Users/zazou/.npm/76f09536-body-parser-1-12-2.lock
144 silly addNameRange number 2 { name: 'swig', range: '>=1.4.2-0 <2.0.0-0', hasData: true }
145 silly addNameRange versions [ 'swig',
145 silly addNameRange   [ '0.1.1',
145 silly addNameRange     '0.1.2',
145 silly addNameRange     '0.1.3',
145 silly addNameRange     '0.1.5',
145 silly addNameRange     '0.1.6',
145 silly addNameRange     '0.1.7',
145 silly addNameRange     '0.1.8',
145 silly addNameRange     '0.1.9',
145 silly addNameRange     '0.2.0',
145 silly addNameRange     '0.2.1',
145 silly addNameRange     '0.2.2',
145 silly addNameRange     '0.2.3',
145 silly addNameRange     '0.3.0',
145 silly addNameRange     '0.4.0',
145 silly addNameRange     '0.5.0',
145 silly addNameRange     '0.6.0',
145 silly addNameRange     '0.6.1',
145 silly addNameRange     '0.7.0',
145 silly addNameRange     '0.8.0',
145 silly addNameRange     '0.9.0',
145 silly addNameRange     '0.9.1',
145 silly addNameRange     '0.9.2',
145 silly addNameRange     '0.9.3',
145 silly addNameRange     '0.9.4',
145 silly addNameRange     '0.10.0',
145 silly addNameRange     '0.11.0',
145 silly addNameRange     '0.11.1',
145 silly addNameRange     '0.11.2',
145 silly addNameRange     '0.12.0',
145 silly addNameRange     '0.12.1',
145 silly addNameRange     '0.13.0',
145 silly addNameRange     '0.13.1',
145 silly addNameRange     '0.13.2',
145 silly addNameRange     '0.13.3',
145 silly addNameRange     '0.13.4',
145 silly addNameRange     '0.13.5',
145 silly addNameRange     '0.14.0',
145 silly addNameRange     '1.0.0-pre1',
145 silly addNameRange     '1.0.0-pre2',
145 silly addNameRange     '1.0.0-pre3',
145 silly addNameRange     '1.0.0-rc1',
145 silly addNameRange     '1.0.0-rc2',
145 silly addNameRange     '1.0.0-rc3',
145 silly addNameRange     '1.0.0',
145 silly addNameRange     '1.1.0',
145 silly addNameRange     '1.2.0',
145 silly addNameRange     '1.2.1',
145 silly addNameRange     '1.2.2',
145 silly addNameRange     '1.3.0',
145 silly addNameRange     '1.3.2',
145 silly addNameRange     '1.4.0',
145 silly addNameRange     '1.4.1',
145 silly addNameRange     '1.4.2' ] ]
146 verbose addNamed [ 'swig', '1.4.2' ]
147 verbose addNamed [ '1.4.2', '1.4.2' ]
148 silly lockFile 63e83fc4-swig-1-4-2 swig@1.4.2
149 verbose lock swig@1.4.2 /Users/zazou/.npm/63e83fc4-swig-1-4-2.lock
150 silly lockFile 6d25fd37-pmjs-org-morgan-morgan-1-5-2-tgz https://registry.npmjs.org/morgan/-/morgan-1.5.2.tgz
151 verbose lock https://registry.npmjs.org/morgan/-/morgan-1.5.2.tgz /Users/zazou/.npm/6d25fd37-pmjs-org-morgan-morgan-1-5-2-tgz.lock
152 silly lockFile 9a22e482-dy-parser-body-parser-1-12-2-tgz https://registry.npmjs.org/body-parser/-/body-parser-1.12.2.tgz
153 verbose lock https://registry.npmjs.org/body-parser/-/body-parser-1.12.2.tgz /Users/zazou/.npm/9a22e482-dy-parser-body-parser-1-12-2-tgz.lock
154 verbose addRemoteTarball [ 'https://registry.npmjs.org/morgan/-/morgan-1.5.2.tgz',
154 verbose addRemoteTarball   '34c1a0e7c2d5ad3ed78f0ef3257b8ac7c35d7cff' ]
155 verbose addRemoteTarball [ 'https://registry.npmjs.org/body-parser/-/body-parser-1.12.2.tgz',
155 verbose addRemoteTarball   '698368fb4dfc57a05bff1ddb1bebeba3bd2c0e87' ]
156 silly lockFile e27f34ff-socket-io-1-3-5 socket.io@1.3.5
157 silly lockFile e27f34ff-socket-io-1-3-5 socket.io@1.3.5
158 silly lockFile a0d41e47-socket-io-1-3-5 socket.io@^1.3.5
159 silly lockFile a0d41e47-socket-io-1-3-5 socket.io@^1.3.5
160 silly lockFile 004e52f6-underscore-1-8-2 underscore@1.8.2
161 silly lockFile 004e52f6-underscore-1-8-2 underscore@1.8.2
162 silly lockFile 63e83fc4-swig-1-4-2 swig@1.4.2
163 silly lockFile 63e83fc4-swig-1-4-2 swig@1.4.2
164 silly lockFile b9ae4ec4-underscore-1-8-2 underscore@^1.8.2
165 silly lockFile b9ae4ec4-underscore-1-8-2 underscore@^1.8.2
166 silly lockFile e3bb3c1a-swig-1-4-2 swig@^1.4.2
167 silly lockFile e3bb3c1a-swig-1-4-2 swig@^1.4.2
168 info retry fetch attempt 1 at 11:26:07
169 verbose fetch to= /var/folders/qw/7c_7hq3d003g6rr1xyq419zw0000gp/T/npm-10758-t8zLwt4r/registry.npmjs.org/morgan/-/morgan-1.5.2.tgz
170 http GET https://registry.npmjs.org/morgan/-/morgan-1.5.2.tgz
171 info retry fetch attempt 1 at 11:26:07
172 verbose fetch to= /var/folders/qw/7c_7hq3d003g6rr1xyq419zw0000gp/T/npm-10758-t8zLwt4r/registry.npmjs.org/body-parser/-/body-parser-1.12.2.tgz
173 http GET https://registry.npmjs.org/body-parser/-/body-parser-1.12.2.tgz
174 http 200 https://registry.npmjs.org/morgan/-/morgan-1.5.2.tgz
175 silly lockFile 6d25fd37-pmjs-org-morgan-morgan-1-5-2-tgz https://registry.npmjs.org/morgan/-/morgan-1.5.2.tgz
176 silly lockFile 6d25fd37-pmjs-org-morgan-morgan-1-5-2-tgz https://registry.npmjs.org/morgan/-/morgan-1.5.2.tgz
177 silly lockFile 04d2cfbf-morgan-1-5-2 morgan@1.5.2
178 silly lockFile 04d2cfbf-morgan-1-5-2 morgan@1.5.2
179 silly lockFile f8166d26-morgan-1-5-1 morgan@^1.5.1
180 silly lockFile f8166d26-morgan-1-5-1 morgan@^1.5.1
181 http 200 https://registry.npmjs.org/body-parser/-/body-parser-1.12.2.tgz
182 silly lockFile 9a22e482-dy-parser-body-parser-1-12-2-tgz https://registry.npmjs.org/body-parser/-/body-parser-1.12.2.tgz
183 silly lockFile 9a22e482-dy-parser-body-parser-1-12-2-tgz https://registry.npmjs.org/body-parser/-/body-parser-1.12.2.tgz
184 silly lockFile 76f09536-body-parser-1-12-2 body-parser@1.12.2
185 silly lockFile 76f09536-body-parser-1-12-2 body-parser@1.12.2
186 silly lockFile 56e67e75-body-parser-1-12-0 body-parser@^1.12.0
187 silly lockFile 56e67e75-body-parser-1-12-0 body-parser@^1.12.0
188 error Error: EACCES, mkdir '/Users/zazou/.npm/morgan/1.5.2'
188 error  { [Error: EACCES, mkdir '/Users/zazou/.npm/morgan/1.5.2']
188 error   errno: 3,
188 error   code: 'EACCES',
188 error   path: '/Users/zazou/.npm/morgan/1.5.2',
188 error   parent: 'TwitterJS' }
189 error Please try running this command again as root/Administrator.
190 error System Darwin 14.1.0
191 error command "node" "/usr/local/bin/npm" "install"
192 error cwd /Users/zazou/Code/TwitterJS
193 error node -v v0.10.35
194 error npm -v 1.4.28
195 error path /Users/zazou/.npm/morgan/1.5.2
196 error code EACCES
197 error errno 3
198 error stack Error: EACCES, mkdir '/Users/zazou/.npm/morgan/1.5.2'
199 verbose exit [ 3, true ]
